[17:10:33] [main/INFO]: Environment: authHost='https://authserver.mojang.com', accountsHost='https://api.mojang.com', sessionHost='https://sessionserver.mojang.com', name='PROD'
[17:10:34] [main/INFO]: Reloading ResourceManager: Default, bukkit
[17:10:34] [Worker-Main-8/INFO]: Loaded 7 recipes
[17:10:36] [Server thread/INFO]: Starting minecraft server version 1.16.1
[17:10:36] [Server thread/INFO]: Loading properties
[17:10:37] [Server thread/INFO]: This server is running CraftBukkit version git-Spigot-9639cf7-4b9bc9d (MC: 1.16.1) (Implementing API version 1.16.1-R0.1-SNAPSHOT)
[17:10:38] [Server thread/INFO]: Debug logging is disabled
[17:10:38] [Server thread/INFO]: Using 4 threads for Netty based IO
[17:10:38] [Server thread/INFO]: Server Ping Player Sample Count: 12
[17:10:38] [Server thread/INFO]: Default game type: SURVIVAL
[17:10:38] [Server thread/INFO]: Generating keypair
[17:10:38] [Server thread/INFO]: Starting Minecraft server on *:25565
[17:10:38] [Server thread/INFO]: Using default channel type
[17:10:40] [Server thread/WARN]: Initializing Legacy Material Support. Unless you have legacy plugins and/or data this is a bug!
[17:10:42] [Server thread/WARN]: Legacy plugin ManhuntPlugin v1.0.0 does not specify an api-version.
[17:10:42] [Server thread/INFO]: [ManhuntPlugin] Loading ManhuntPlugin v1.0.0
[17:10:42] [Server thread/INFO]: Preparing level "world"
[17:10:42] [Server thread/INFO]: -------- World Settings For [world] --------
[17:10:42] [Server thread/INFO]: Entity Tracking Range: Pl 48 / An 48 / Mo 48 / Mi 32 / Other 64
[17:10:42] [Server thread/INFO]: Allow Zombie Pigmen to spawn from portal blocks: true
[17:10:42] [Server thread/INFO]: Item Merge Radius: 2.5
[17:10:42] [Server thread/INFO]: Item Despawn Rate: 6000
[17:10:42] [Server thread/INFO]: View Distance: 10
[17:10:42] [Server thread/INFO]: Arrow Despawn Rate: 1200 Trident Respawn Rate:1200
[17:10:42] [Server thread/INFO]: Mob Spawn Range: 6
[17:10:42] [Server thread/INFO]: Experience Merge Radius: 3.0
[17:10:42] [Server thread/INFO]: Entity Activation Range: An 32 / Mo 32 / Ra 48 / Mi 16 / Tiv true
[17:10:42] [Server thread/INFO]: Cactus Growth Modifier: 100%
[17:10:42] [Server thread/INFO]: Cane Growth Modifier: 100%
[17:10:42] [Server thread/INFO]: Melon Growth Modifier: 100%
[17:10:42] [Server thread/INFO]: Mushroom Growth Modifier: 100%
[17:10:42] [Server thread/INFO]: Pumpkin Growth Modifier: 100%
[17:10:42] [Server thread/INFO]: Sapling Growth Modifier: 100%
[17:10:42] [Server thread/INFO]: Beetroot Growth Modifier: 100%
[17:10:42] [Server thread/INFO]: Carrot Growth Modifier: 100%
[17:10:42] [Server thread/INFO]: Potato Growth Modifier: 100%
[17:10:42] [Server thread/INFO]: Wheat Growth Modifier: 100%
[17:10:42] [Server thread/INFO]: NetherWart Growth Modifier: 100%
[17:10:42] [Server thread/INFO]: Vine Growth Modifier: 100%
[17:10:42] [Server thread/INFO]: Cocoa Growth Modifier: 100%
[17:10:42] [Server thread/INFO]: Bamboo Growth Modifier: 100%
[17:10:42] [Server thread/INFO]: SweetBerry Growth Modifier: 100%
[17:10:42] [Server thread/INFO]: Kelp Growth Modifier: 100%
[17:10:42] [Server thread/INFO]: Hopper Transfer: 8 Hopper Check: 1 Hopper Amount: 1
[17:10:42] [Server thread/INFO]: Tile Max Tick Time: 50ms Entity max Tick Time: 50ms
[17:10:42] [Server thread/INFO]: Max TNT Explosions: 100
[17:10:42] [Server thread/INFO]: Custom Map Seeds:  Village: 10387312 Desert: 14357617 Igloo: 14357618 Jungle: 14357619 Swamp: 14357620 Monument: 10387313 Ocean: 14357621 Shipwreck: 165745295 End City: 10387313 Slime: 987234911 Bastion: 30084232 Fortress: 30084232 Mansion: 10387319 Fossil: 14357921 Portal: 34222645
[17:10:42] [Server thread/INFO]: Nerfing mobs spawned from spawners: false
[17:10:42] [Server thread/INFO]: Zombie Aggressive Towards Villager: true
[17:10:42] [Server thread/INFO]: -------- World Settings For [world_nether] --------
[17:10:42] [Server thread/INFO]: Entity Tracking Range: Pl 48 / An 48 / Mo 48 / Mi 32 / Other 64
[17:10:42] [Server thread/INFO]: Allow Zombie Pigmen to spawn from portal blocks: true
[17:10:42] [Server thread/INFO]: Item Merge Radius: 2.5
[17:10:42] [Server thread/INFO]: Item Despawn Rate: 6000
[17:10:42] [Server thread/INFO]: View Distance: 10
[17:10:42] [Server thread/INFO]: Arrow Despawn Rate: 1200 Trident Respawn Rate:1200
[17:10:42] [Server thread/INFO]: Mob Spawn Range: 6
[17:10:42] [Server thread/INFO]: Experience Merge Radius: 3.0
[17:10:42] [Server thread/INFO]: Entity Activation Range: An 32 / Mo 32 / Ra 48 / Mi 16 / Tiv true
[17:10:42] [Server thread/INFO]: Cactus Growth Modifier: 100%
[17:10:42] [Server thread/INFO]: Cane Growth Modifier: 100%
[17:10:42] [Server thread/INFO]: Melon Growth Modifier: 100%
[17:10:42] [Server thread/INFO]: Mushroom Growth Modifier: 100%
[17:10:42] [Server thread/INFO]: Pumpkin Growth Modifier: 100%
[17:10:42] [Server thread/INFO]: Sapling Growth Modifier: 100%
[17:10:42] [Server thread/INFO]: Beetroot Growth Modifier: 100%
[17:10:42] [Server thread/INFO]: Carrot Growth Modifier: 100%
[17:10:42] [Server thread/INFO]: Potato Growth Modifier: 100%
[17:10:42] [Server thread/INFO]: Wheat Growth Modifier: 100%
[17:10:42] [Server thread/INFO]: NetherWart Growth Modifier: 100%
[17:10:42] [Server thread/INFO]: Vine Growth Modifier: 100%
[17:10:42] [Server thread/INFO]: Cocoa Growth Modifier: 100%
[17:10:42] [Server thread/INFO]: Bamboo Growth Modifier: 100%
[17:10:42] [Server thread/INFO]: SweetBerry Growth Modifier: 100%
[17:10:42] [Server thread/INFO]: Kelp Growth Modifier: 100%
[17:10:42] [Server thread/INFO]: Hopper Transfer: 8 Hopper Check: 1 Hopper Amount: 1
[17:10:42] [Server thread/INFO]: Tile Max Tick Time: 50ms Entity max Tick Time: 50ms
[17:10:42] [Server thread/INFO]: Max TNT Explosions: 100
[17:10:42] [Server thread/INFO]: Custom Map Seeds:  Village: 10387312 Desert: 14357617 Igloo: 14357618 Jungle: 14357619 Swamp: 14357620 Monument: 10387313 Ocean: 14357621 Shipwreck: 165745295 End City: 10387313 Slime: 987234911 Bastion: 30084232 Fortress: 30084232 Mansion: 10387319 Fossil: 14357921 Portal: 34222645
[17:10:42] [Server thread/INFO]: Nerfing mobs spawned from spawners: false
[17:10:42] [Server thread/INFO]: Zombie Aggressive Towards Villager: true
[17:10:43] [Server thread/INFO]: -------- World Settings For [world_the_end] --------
[17:10:43] [Server thread/INFO]: Entity Tracking Range: Pl 48 / An 48 / Mo 48 / Mi 32 / Other 64
[17:10:43] [Server thread/INFO]: Allow Zombie Pigmen to spawn from portal blocks: true
[17:10:43] [Server thread/INFO]: Item Merge Radius: 2.5
[17:10:43] [Server thread/INFO]: Item Despawn Rate: 6000
[17:10:43] [Server thread/INFO]: View Distance: 10
[17:10:43] [Server thread/INFO]: Arrow Despawn Rate: 1200 Trident Respawn Rate:1200
[17:10:43] [Server thread/INFO]: Mob Spawn Range: 6
[17:10:43] [Server thread/INFO]: Experience Merge Radius: 3.0
[17:10:43] [Server thread/INFO]: Entity Activation Range: An 32 / Mo 32 / Ra 48 / Mi 16 / Tiv true
[17:10:43] [Server thread/INFO]: Cactus Growth Modifier: 100%
[17:10:43] [Server thread/INFO]: Cane Growth Modifier: 100%
[17:10:43] [Server thread/INFO]: Melon Growth Modifier: 100%
[17:10:43] [Server thread/INFO]: Mushroom Growth Modifier: 100%
[17:10:43] [Server thread/INFO]: Pumpkin Growth Modifier: 100%
[17:10:43] [Server thread/INFO]: Sapling Growth Modifier: 100%
[17:10:43] [Server thread/INFO]: Beetroot Growth Modifier: 100%
[17:10:43] [Server thread/INFO]: Carrot Growth Modifier: 100%
[17:10:43] [Server thread/INFO]: Potato Growth Modifier: 100%
[17:10:43] [Server thread/INFO]: Wheat Growth Modifier: 100%
[17:10:43] [Server thread/INFO]: NetherWart Growth Modifier: 100%
[17:10:43] [Server thread/INFO]: Vine Growth Modifier: 100%
[17:10:43] [Server thread/INFO]: Cocoa Growth Modifier: 100%
[17:10:43] [Server thread/INFO]: Bamboo Growth Modifier: 100%
[17:10:43] [Server thread/INFO]: SweetBerry Growth Modifier: 100%
[17:10:43] [Server thread/INFO]: Kelp Growth Modifier: 100%
[17:10:43] [Server thread/INFO]: Hopper Transfer: 8 Hopper Check: 1 Hopper Amount: 1
[17:10:43] [Server thread/INFO]: Tile Max Tick Time: 50ms Entity max Tick Time: 50ms
[17:10:43] [Server thread/INFO]: Max TNT Explosions: 100
[17:10:43] [Server thread/INFO]: Custom Map Seeds:  Village: 10387312 Desert: 14357617 Igloo: 14357618 Jungle: 14357619 Swamp: 14357620 Monument: 10387313 Ocean: 14357621 Shipwreck: 165745295 End City: 10387313 Slime: 987234911 Bastion: 30084232 Fortress: 30084232 Mansion: 10387319 Fossil: 14357921 Portal: 34222645
[17:10:43] [Server thread/INFO]: Nerfing mobs spawned from spawners: false
[17:10:43] [Server thread/INFO]: Zombie Aggressive Towards Villager: true
[17:10:43] [Server thread/INFO]: Preparing start region for dimension minecraft:overworld
[17:10:44] [Server thread/INFO]: Preparing spawn area: 0%
[17:10:44] [Server thread/INFO]: Preparing spawn area: 0%
[17:10:44] [Server thread/INFO]: Preparing spawn area: 0%
[17:10:44] [Server thread/INFO]: Preparing spawn area: 28%
[17:10:48] [Worker-Main-11/INFO]: Preparing spawn area: 83%
[17:10:48] [Worker-Main-10/INFO]: Preparing spawn area: 83%
[17:10:48] [Worker-Main-10/INFO]: Preparing spawn area: 83%
[17:10:48] [Worker-Main-11/INFO]: Preparing spawn area: 83%
[17:10:48] [Worker-Main-6/INFO]: Preparing spawn area: 83%
[17:10:48] [Worker-Main-10/INFO]: Preparing spawn area: 83%
[17:10:48] [Worker-Main-11/INFO]: Preparing spawn area: 83%
[17:10:48] [Server thread/INFO]: Preparing spawn area: 83%
[17:10:49] [Server thread/INFO]: Preparing spawn area: 83%
[17:10:49] [Worker-Main-10/INFO]: Preparing spawn area: 94%
[17:10:50] [Worker-Main-12/INFO]: Preparing spawn area: 95%
[17:10:50] [Server thread/INFO]: Time elapsed: 7497 ms
[17:10:50] [Server thread/INFO]: Preparing start region for dimension minecraft:the_nether
[17:10:51] [Server thread/INFO]: Preparing spawn area: 0%
[17:10:51] [Server thread/INFO]: Preparing spawn area: 0%
[17:10:51] [Worker-Main-6/INFO]: Preparing spawn area: 83%
[17:10:52] [Worker-Main-6/INFO]: Preparing spawn area: 83%
[17:10:52] [Worker-Main-6/INFO]: Preparing spawn area: 83%
[17:10:53] [Worker-Main-12/INFO]: Preparing spawn area: 83%
[17:10:53] [Worker-Main-9/INFO]: Preparing spawn area: 83%
[17:10:54] [Worker-Main-9/INFO]: Preparing spawn area: 83%
[17:10:54] [Worker-Main-6/INFO]: Preparing spawn area: 83%
[17:10:55] [Worker-Main-9/INFO]: Preparing spawn area: 83%
[17:10:55] [Worker-Main-6/INFO]: Preparing spawn area: 91%
[17:10:56] [Server thread/INFO]: Time elapsed: 5414 ms
[17:10:56] [Server thread/INFO]: Preparing start region for dimension minecraft:the_end
[17:10:56] [Server thread/INFO]: Preparing spawn area: 0%
[17:10:56] [Worker-Main-10/INFO]: Preparing spawn area: 90%
[17:10:56] [Server thread/INFO]: Time elapsed: 601 ms
[17:10:56] [Server thread/INFO]: [ManhuntPlugin] Enabling ManhuntPlugin v1.0.0
[17:10:56] [Server thread/INFO]: [ManhuntPlugin] onEnable has been invoked!
[17:10:56] [Server thread/INFO]: Server permissions file permissions.yml is empty, ignoring it
[17:10:56] [Server thread/INFO]: Done (13.991s)! For help, type "help"
[17:11:05] [User Authenticator #1/INFO]: UUID of player WEEUMUMAWAY is 4416ad6a-9fd2-45fe-913d-73252caa167d
[17:11:05] [Server thread/INFO]: WEEUMUMAWAY[/127.0.0.1:50044] logged in with entity id 250 at ([world]-107.30000001192093, 73.0, 71.69999998807907)
[17:11:21] [Server thread/INFO]: Nothing changed. The player already is an operator
[17:11:38] [Server thread/INFO]: WEEUMUMAWAY issued server command: /getloc WEEUMUMAWAY
[17:12:09] [Server thread/INFO]: WEEUMUMAWAY lost connection: Disconnected
[17:12:09] [Server thread/INFO]: WEEUMUMAWAY left the game
